21:12:07  INFO  com.astebelev.trello.tests.TestBase - Start method testBoardCreationDataProvider
21:12:07  INFO  com.astebelev.trello.tests.TestBase - Start search element By.cssSelector: [data-test-id=header-member-menu-button]
21:12:22  INFO  com.astebelev.trello.tests.TestBase - Start search element By.cssSelector: [href='/login']
21:12:22  INFO  com.astebelev.trello.tests.TestBase - Start search element By.cssSelector: #user
21:12:24  INFO  com.astebelev.trello.tests.TestBase - Start search element By.cssSelector: #user
21:12:24  INFO  com.astebelev.trello.tests.TestBase - Start search element By.cssSelector: #user
21:12:26  INFO  com.astebelev.trello.tests.TestBase - Start search element By.cssSelector: #login
21:12:29  INFO  com.astebelev.trello.tests.TestBase - Start search element By.cssSelector: #password
21:12:29  INFO  com.astebelev.trello.tests.TestBase - Start search element By.cssSelector: #password
21:12:29  INFO  com.astebelev.trello.tests.TestBase - Start search element By.cssSelector: #password
21:12:29  INFO  com.astebelev.trello.tests.TestBase - Start search element By.cssSelector: #login-submit
21:12:29  INFO  com.astebelev.trello.tests.TestBase - Start search element By.cssSelector: [data-test-id='header-create-menu-button']
21:12:40  INFO  com.astebelev.trello.tests.TestBase - Start search element By.xpath: //*[@data-test-id='create-board-tile']
21:12:40  INFO  com.astebelev.trello.tests.TestBase - Start search element By.xpath: //input[@data-test-id='create-board-title-input']
21:12:40  INFO  com.astebelev.trello.tests.TestBase - Start search element By.xpath: //input[@data-test-id='create-board-title-input']
21:12:40  INFO  com.astebelev.trello.tests.TestBase - Start search element By.xpath: //input[@data-test-id='create-board-title-input']
21:12:41  INFO  com.astebelev.trello.tests.TestBase - Start search element By.xpath: //*[@aria-label='DownIcon']/../..
21:12:41  INFO  com.astebelev.trello.tests.TestBase - Start search element By.xpath: //*[@aria-label='PublicIcon']/../..
21:12:41  INFO  com.astebelev.trello.tests.TestBase - Start search element By.xpath: //button[@class='_3TTqkG5muwOzqZ _3Ik0JLsERwh6Ui _3HfJ71CiQ9nm2y']
21:12:56  INFO  com.astebelev.trello.tests.TestBase - Start search element By.cssSelector: [data-test-id='create-board-submit-button']
21:12:56  INFO  com.astebelev.trello.tests.TestBase - Stop method testBoardCreationDataProvider
			+_+_+_+_+_+_+_+_+_+_+_+_+_+_+_+_+_+_+
21:12:56  INFO  com.astebelev.trello.tests.TestBase - Start method testBoardCreationDataProvider
21:12:56  INFO  com.astebelev.trello.tests.TestBase - Start search element By.cssSelector: [data-test-id=header-member-menu-button]
21:12:56  INFO  com.astebelev.trello.tests.TestBase - Start search element By.cssSelector: [data-test-id='header-create-menu-button']
21:12:56  INFO  com.astebelev.trello.tests.TestBase - Start search element By.xpath: //*[@data-test-id='create-board-tile']
21:12:58  ERROR com.astebelev.trello.tests.TestBase - !!!!!! TEST FAILED !!!!!!
org.openqa.selenium.StaleElementReferenceException: stale element reference: element is not attached to the page document
  (Session info: chrome=90.0.4430.212)
For documentation on this error, please visit: https://www.seleniumhq.org/exceptions/stale_element_reference.html
Build info: version: '3.141.59', revision: 'e82be7d358', time: '2018-11-14T08:17:03'
System info: host: 'DESKTOP-832BH2N', ip: '10.0.0.3', os.name: 'Windows 10', os.arch: 'amd64', os.version: '10.0', java.version: '15.0.1'
Driver info: org.openqa.selenium.chrome.ChromeDriver
Capabilities {acceptInsecureCerts: false, browserName: chrome, browserVersion: 90.0.4430.212, chrome: {chromedriverVersion: 90.0.4430.24 (4c6d850f087da..., userDataDir: C:\Users\Stebelev\AppData\L...}, goog:chromeOptions: {debuggerAddress: localhost:57743}, javascriptEnabled: true, networkConnectionEnabled: false, pageLoadStrategy: normal, platform: WINDOWS, platformName: WINDOWS, proxy: Proxy(), setWindowRect: true, strictFileInteractability: false, timeouts: {implicit: 0, pageLoad: 300000, script: 30000}, unhandledPromptBehavior: dismiss and notify, webauthn:extension:largeBlob: true, webauthn:virtualAuthenticators: true}
Session ID: 34bff42c2e1d3dccfbf16477cc401655
	at java.base/jdk.internal.reflect.NativeConstructorAccessorImpl.newInstance0(Native Method)
	at java.base/jdk.internal.reflect.NativeConstructorAccessorImpl.newInstance(NativeConstructorAccessorImpl.java:64)
	at java.base/jdk.internal.reflect.DelegatingConstructorAccessorImpl.newInstance(DelegatingConstructorAccessorImpl.java:45)
	at java.base/java.lang.reflect.Constructor.newInstanceWithCaller(Constructor.java:500)
	at java.base/java.lang.reflect.Constructor.newInstance(Constructor.java:481)
	at org.openqa.selenium.remote.http.W3CHttpResponseCodec.createException(W3CHttpResponseCodec.java:187)
	at org.openqa.selenium.remote.http.W3CHttpResponseCodec.decode(W3CHttpResponseCodec.java:122)
	at org.openqa.selenium.remote.http.W3CHttpResponseCodec.decode(W3CHttpResponseCodec.java:49)
	at org.openqa.selenium.remote.HttpCommandExecutor.execute(HttpCommandExecutor.java:158)
	at org.openqa.selenium.remote.service.DriverCommandExecutor.execute(DriverCommandExecutor.java:83)
	at org.openqa.selenium.remote.RemoteWebDriver.execute(RemoteWebDriver.java:552)
	at org.openqa.selenium.remote.RemoteWebElement.execute(RemoteWebElement.java:285)
	at org.openqa.selenium.remote.RemoteWebElement.click(RemoteWebElement.java:84)
	at java.base/jdk.internal.reflect.NativeMethodAccessorImpl.invoke0(Native Method)
	at java.base/jdk.internal.reflect.NativeMethodAccessorImpl.invoke(NativeMethodAccessorImpl.java:64)
	at java.base/jdk.internal.reflect.DelegatingMethodAccessorImpl.invoke(DelegatingMethodAccessorImpl.java:43)
	at java.base/java.lang.reflect.Method.invoke(Method.java:564)
	at org.openqa.selenium.support.events.EventFiringWebDriver$EventFiringWebElement.lambda$new$0(EventFiringWebDriver.java:404)
	at com.sun.proxy.$Proxy13.click(Unknown Source)
	at org.openqa.selenium.support.events.EventFiringWebDriver$EventFiringWebElement.click(EventFiringWebDriver.java:417)
	at com.astebelev.trello.framework.HelperBase.click(HelperBase.java:24)
	at com.astebelev.trello.framework.BoardHelper.initBoardCreationFromBoardsList(BoardHelper.java:35)
	at com.astebelev.trello.tests.BoardCreationTests.testBoardCreationDataProvider(BoardCreationTests.java:60)
	at java.base/jdk.internal.reflect.NativeMethodAccessorImpl.invoke0(Native Method)
	at java.base/jdk.internal.reflect.NativeMethodAccessorImpl.invoke(NativeMethodAccessorImpl.java:64)
	at java.base/jdk.internal.reflect.DelegatingMethodAccessorImpl.invoke(DelegatingMethodAccessorImpl.java:43)
	at java.base/java.lang.reflect.Method.invoke(Method.java:564)
	at org.testng.internal.MethodInvocationHelper.invokeMethod(MethodInvocationHelper.java:134)
	at org.testng.internal.TestInvoker.invokeMethod(TestInvoker.java:597)
	at org.testng.internal.TestInvoker.invokeTestMethod(TestInvoker.java:173)
	at org.testng.internal.MethodRunner.runInSequence(MethodRunner.java:46)
	at org.testng.internal.TestInvoker$MethodInvocationAgent.invoke(TestInvoker.java:816)
	at org.testng.internal.TestInvoker.invokeTestMethods(TestInvoker.java:146)
	at org.testng.internal.TestMethodWorker.invokeTestMethods(TestMethodWorker.java:146)
	at org.testng.internal.TestMethodWorker.run(TestMethodWorker.java:128)
	at java.base/java.util.ArrayList.forEach(ArrayList.java:1511)
	at org.testng.TestRunner.privateRun(TestRunner.java:766)
	at org.testng.TestRunner.run(TestRunner.java:587)
	at org.testng.SuiteRunner.runTest(SuiteRunner.java:384)
	at org.testng.SuiteRunner.runSequentially(SuiteRunner.java:378)
	at org.testng.SuiteRunner.privateRun(SuiteRunner.java:337)
	at org.testng.SuiteRunner.run(SuiteRunner.java:286)
	at org.testng.SuiteRunnerWorker.runSuite(SuiteRunnerWorker.java:53)
	at org.testng.SuiteRunnerWorker.run(SuiteRunnerWorker.java:96)
	at org.testng.TestNG.runSuitesSequentially(TestNG.java:1187)
	at org.testng.TestNG.runSuitesLocally(TestNG.java:1109)
	at org.testng.TestNG.runSuites(TestNG.java:1039)
	at org.testng.TestNG.run(TestNG.java:1007)
	at com.intellij.rt.testng.IDEARemoteTestNG.run(IDEARemoteTestNG.java:66)
	at com.intellij.rt.testng.RemoteTestNGStarter.main(RemoteTestNGStarter.java:109)
21:12:58  INFO  com.astebelev.trello.tests.TestBase - Made screenshot screenshot-1621879977474.png
21:12:58  INFO  com.astebelev.trello.tests.TestBase - Stop method testBoardCreationDataProvider
			+_+_+_+_+_+_+_+_+_+_+_+_+_+_+_+_+_+_+
21:12:58  INFO  com.astebelev.trello.tests.TestBase - Start method testBoardCreationDataProvider
21:12:58  INFO  com.astebelev.trello.tests.TestBase - Start search element By.cssSelector: [data-test-id=header-member-menu-button]
21:12:58  INFO  com.astebelev.trello.tests.TestBase - Start search element By.cssSelector: [data-test-id='header-create-menu-button']
21:12:58  INFO  com.astebelev.trello.tests.TestBase - Start search element By.xpath: //*[@data-test-id='create-board-tile']
21:13:14  ERROR com.astebelev.trello.tests.TestBase - !!!!!! TEST FAILED !!!!!!
org.openqa.selenium.NoSuchElementException: no such element: Unable to locate element: {"method":"xpath","selector":"//*[@data-test-id='create-board-tile']"}
  (Session info: chrome=90.0.4430.212)
For documentation on this error, please visit: https://www.seleniumhq.org/exceptions/no_such_element.html
Build info: version: '3.141.59', revision: 'e82be7d358', time: '2018-11-14T08:17:03'
System info: host: 'DESKTOP-832BH2N', ip: '10.0.0.3', os.name: 'Windows 10', os.arch: 'amd64', os.version: '10.0', java.version: '15.0.1'
Driver info: org.openqa.selenium.chrome.ChromeDriver
Capabilities {acceptInsecureCerts: false, browserName: chrome, browserVersion: 90.0.4430.212, chrome: {chromedriverVersion: 90.0.4430.24 (4c6d850f087da..., userDataDir: C:\Users\Stebelev\AppData\L...}, goog:chromeOptions: {debuggerAddress: localhost:57743}, javascriptEnabled: true, networkConnectionEnabled: false, pageLoadStrategy: normal, platform: WINDOWS, platformName: WINDOWS, proxy: Proxy(), setWindowRect: true, strictFileInteractability: false, timeouts: {implicit: 0, pageLoad: 300000, script: 30000}, unhandledPromptBehavior: dismiss and notify, webauthn:extension:largeBlob: true, webauthn:virtualAuthenticators: true}
Session ID: 34bff42c2e1d3dccfbf16477cc401655
*** Element info: {Using=xpath, value=//*[@data-test-id='create-board-tile']}
	at java.base/jdk.internal.reflect.NativeConstructorAccessorImpl.newInstance0(Native Method)
	at java.base/jdk.internal.reflect.NativeConstructorAccessorImpl.newInstance(NativeConstructorAccessorImpl.java:64)
	at java.base/jdk.internal.reflect.DelegatingConstructorAccessorImpl.newInstance(DelegatingConstructorAccessorImpl.java:45)
	at java.base/java.lang.reflect.Constructor.newInstanceWithCaller(Constructor.java:500)
	at java.base/java.lang.reflect.Constructor.newInstance(Constructor.java:481)
	at org.openqa.selenium.remote.http.W3CHttpResponseCodec.createException(W3CHttpResponseCodec.java:187)
	at org.openqa.selenium.remote.http.W3CHttpResponseCodec.decode(W3CHttpResponseCodec.java:122)
	at org.openqa.selenium.remote.http.W3CHttpResponseCodec.decode(W3CHttpResponseCodec.java:49)
	at org.openqa.selenium.remote.HttpCommandExecutor.execute(HttpCommandExecutor.java:158)
	at org.openqa.selenium.remote.service.DriverCommandExecutor.execute(DriverCommandExecutor.java:83)
	at org.openqa.selenium.remote.RemoteWebDriver.execute(RemoteWebDriver.java:552)
	at org.openqa.selenium.remote.RemoteWebDriver.findElement(RemoteWebDriver.java:323)
	at org.openqa.selenium.remote.RemoteWebDriver.findElementByXPath(RemoteWebDriver.java:428)
	at org.openqa.selenium.By$ByXPath.findElement(By.java:353)
	at org.openqa.selenium.remote.RemoteWebDriver.findElement(RemoteWebDriver.java:315)
	at jdk.internal.reflect.GeneratedMethodAccessor3.invoke(Unknown Source)
	at java.base/jdk.internal.reflect.DelegatingMethodAccessorImpl.invoke(DelegatingMethodAccessorImpl.java:43)
	at java.base/java.lang.reflect.Method.invoke(Method.java:564)
	at org.openqa.selenium.support.events.EventFiringWebDriver.lambda$new$1(EventFiringWebDriver.java:105)
	at com.sun.proxy.$Proxy12.findElement(Unknown Source)
	at org.openqa.selenium.support.events.EventFiringWebDriver.findElement(EventFiringWebDriver.java:194)
	at com.astebelev.trello.framework.HelperBase.click(HelperBase.java:24)
	at com.astebelev.trello.framework.BoardHelper.initBoardCreationFromBoardsList(BoardHelper.java:35)
	at com.astebelev.trello.tests.BoardCreationTests.testBoardCreationDataProvider(BoardCreationTests.java:60)
	at java.base/jdk.internal.reflect.NativeMethodAccessorImpl.invoke0(Native Method)
	at java.base/jdk.internal.reflect.NativeMethodAccessorImpl.invoke(NativeMethodAccessorImpl.java:64)
	at java.base/jdk.internal.reflect.DelegatingMethodAccessorImpl.invoke(DelegatingMethodAccessorImpl.java:43)
	at java.base/java.lang.reflect.Method.invoke(Method.java:564)
	at org.testng.internal.MethodInvocationHelper.invokeMethod(MethodInvocationHelper.java:134)
	at org.testng.internal.TestInvoker.invokeMethod(TestInvoker.java:597)
	at org.testng.internal.TestInvoker.invokeTestMethod(TestInvoker.java:173)
	at org.testng.internal.MethodRunner.runInSequence(MethodRunner.java:46)
	at org.testng.internal.TestInvoker$MethodInvocationAgent.invoke(TestInvoker.java:816)
	at org.testng.internal.TestInvoker.invokeTestMethods(TestInvoker.java:146)
	at org.testng.internal.TestMethodWorker.invokeTestMethods(TestMethodWorker.java:146)
	at org.testng.internal.TestMethodWorker.run(TestMethodWorker.java:128)
	at java.base/java.util.ArrayList.forEach(ArrayList.java:1511)
	at org.testng.TestRunner.privateRun(TestRunner.java:766)
	at org.testng.TestRunner.run(TestRunner.java:587)
	at org.testng.SuiteRunner.runTest(SuiteRunner.java:384)
	at org.testng.SuiteRunner.runSequentially(SuiteRunner.java:378)
	at org.testng.SuiteRunner.privateRun(SuiteRunner.java:337)
	at org.testng.SuiteRunner.run(SuiteRunner.java:286)
	at org.testng.SuiteRunnerWorker.runSuite(SuiteRunnerWorker.java:53)
	at org.testng.SuiteRunnerWorker.run(SuiteRunnerWorker.java:96)
	at org.testng.TestNG.runSuitesSequentially(TestNG.java:1187)
	at org.testng.TestNG.runSuitesLocally(TestNG.java:1109)
	at org.testng.TestNG.runSuites(TestNG.java:1039)
	at org.testng.TestNG.run(TestNG.java:1007)
	at com.intellij.rt.testng.IDEARemoteTestNG.run(IDEARemoteTestNG.java:66)
	at com.intellij.rt.testng.RemoteTestNGStarter.main(RemoteTestNGStarter.java:109)
21:13:14  INFO  com.astebelev.trello.tests.TestBase - Made screenshot screenshot-1621879993650.png
21:13:14  INFO  com.astebelev.trello.tests.TestBase - Stop method testBoardCreationDataProvider
			+_+_+_+_+_+_+_+_+_+_+_+_+_+_+_+_+_+_+
